12:11:42.302 [main] INFO  f.d.e.view.Application - Starting Application on Supervoimakone with PID 17520 (C:\Users\samik\git\EquipmentManager\target\classes started by S in C:\Users\samik\git\EquipmentManager)
12:11:42.305 [main] INFO  f.d.e.view.Application - No active profile set, falling back to default profiles: default
12:11:42.352 [main] INFO  o.s.b.c.e.AnnotationConfigEmbeddedWebApplicationContext - Refreshing org.springframework.boot.context.embedded.AnnotationConfigEmbeddedWebApplicationContext@1339e7aa: startup date [Fri Jun 29 12:11:42 EEST 2018]; root of context hierarchy
12:11:42.702 [background-preinit] INFO  o.h.validator.internal.util.Version - HV000001: Hibernate Validator 5.3.4.Final
12:11:43.497 [main] INFO  o.s.c.s.PostProcessorRegistrationDelegate$BeanPostProcessorChecker - Bean 'org.springframework.boot.autoconfigure.validation.ValidationAutoConfiguration' of type [class org.springframework.boot.autoconfigure.validation.ValidationAutoConfiguration] is not eligible for getting processed by all BeanPostProcessors (for example: not eligible for auto-proxying)
12:11:43.563 [main] INFO  o.s.c.s.PostProcessorRegistrationDelegate$BeanPostProcessorChecker - Bean 'validator' of type [class org.springframework.validation.beanvalidation.LocalValidatorFactoryBean] is not eligible for getting processed by all BeanPostProcessors (for example: not eligible for auto-proxying)
12:11:43.642 [main] INFO  o.s.c.s.PostProcessorRegistrationDelegate$BeanPostProcessorChecker - Bean 'org.springframework.transaction.annotation.ProxyTransactionManagementConfiguration' of type [class org.springframework.transaction.annotation.ProxyTransactionManagementConfiguration$$EnhancerBySpringCGLIB$$d47fccd4] is not eligible for getting processed by all BeanPostProcessors (for example: not eligible for auto-proxying)
12:11:43.957 [main] INFO  o.s.b.c.e.t.TomcatEmbeddedServletContainer - Tomcat initialized with port(s): 8080 (http)
12:11:43.971 [main] INFO  o.a.catalina.core.StandardService - Starting service Tomcat
12:11:43.972 [main] INFO  o.a.catalina.core.StandardEngine - Starting Servlet Engine: Apache Tomcat/8.5.11
12:11:44.099 [localhost-startStop-1] INFO  o.a.c.c.C.[.[.[/EquipmentManager] - Initializing Spring embedded WebApplicationContext
12:11:44.099 [localhost-startStop-1] INFO  o.s.web.context.ContextLoader - Root WebApplicationContext: initialization completed in 1751 ms
12:11:44.364 [localhost-startStop-1] INFO  o.s.b.w.s.ServletRegistrationBean - Mapping servlet: 'dispatcherServlet' to [/]
12:11:44.368 [localhost-startStop-1] INFO  o.s.b.w.s.FilterRegistrationBean - Mapping filter: 'errorPageFilter' to: [/*]
12:11:44.368 [localhost-startStop-1] INFO  o.s.b.w.s.FilterRegistrationBean - Mapping filter: 'metricsFilter' to: [/*]
12:11:44.368 [localhost-startStop-1] INFO  o.s.b.w.s.FilterRegistrationBean - Mapping filter: 'characterEncodingFilter' to: [/*]
12:11:44.368 [localhost-startStop-1] INFO  o.s.b.w.s.FilterRegistrationBean - Mapping filter: 'hiddenHttpMethodFilter' to: [/*]
12:11:44.368 [localhost-startStop-1] INFO  o.s.b.w.s.FilterRegistrationBean - Mapping filter: 'httpPutFormContentFilter' to: [/*]
12:11:44.368 [localhost-startStop-1] INFO  o.s.b.w.s.FilterRegistrationBean - Mapping filter: 'requestContextFilter' to: [/*]
12:11:44.368 [localhost-startStop-1] INFO  o.s.b.w.s.FilterRegistrationBean - Mapping filter: 'webRequestLoggingFilter' to: [/*]
12:11:44.368 [localhost-startStop-1] INFO  o.s.b.w.s.FilterRegistrationBean - Mapping filter: 'applicationContextIdFilter' to: [/*]
12:11:44.714 [main] INFO  o.s.o.j.LocalContainerEntityManagerFactoryBean - Building JPA container EntityManagerFactory for persistence unit 'default'
12:11:44.727 [main] INFO  o.h.jpa.internal.util.LogHelper - HHH000204: Processing PersistenceUnitInfo [
	name: default
	...]
12:11:44.790 [main] INFO  org.hibernate.Version - HHH000412: Hibernate Core {5.0.11.Final}
12:11:44.791 [main] INFO  org.hibernate.cfg.Environment - HHH000206: hibernate.properties not found
12:11:44.792 [main] INFO  org.hibernate.cfg.Environment - HHH000021: Bytecode provider name : javassist
12:11:44.831 [main] INFO  o.h.annotations.common.Version - HCANN000001: Hibernate Commons Annotations {5.0.1.Final}
12:11:44.923 [main] INFO  org.hibernate.dialect.Dialect - HHH000400: Using dialect: org.hibernate.dialect.H2Dialect
12:11:44.974 [main] INFO  o.h.e.j.e.i.LobCreatorBuilderImpl - HHH000423: Disabling contextual LOB creation as JDBC driver reported JDBC version [3] less than 4
12:11:45.095 [main] INFO  o.h.tool.hbm2ddl.SchemaExport - HHH000227: Running hbm2ddl schema export
12:11:45.097 [main] INFO  o.h.tool.hbm2ddl.SchemaExport - HHH000230: Schema export complete
12:11:45.117 [main] INFO  o.s.o.j.LocalContainerEntityManagerFactoryBean - Initialized JPA EntityManagerFactory for persistence unit 'default'
12:11:45.406 [main] INFO  o.s.w.s.m.m.a.RequestMappingHandlerAdapter - Looking for @ControllerAdvice: org.springframework.boot.context.embedded.AnnotationConfigEmbeddedWebApplicationContext@1339e7aa: startup date [Fri Jun 29 12:11:42 EEST 2018]; root of context hierarchy
12:11:45.462 [main] INFO  o.s.w.s.m.m.a.RequestMappingHandlerMapping - Mapped "{[/rest/getEquipmentTypesWithEquipment]}" onto public java.util.List<fi.danfoss.equipmentmanager.model.Equipmenttype> fi.danfoss.equipmentmanager.controller.ChartController.getEquipmentTypesWithEquipment()
12:11:45.463 [main] INFO  o.s.w.s.m.m.a.RequestMappingHandlerMapping - Mapped "{[/rest/usageBySerial]}" onto public fi.danfoss.equipmentmanager.model.EquipmentUsage fi.danfoss.equipmentmanager.controller.ChartController.usageBySerial(java.lang.String,java.lang.String,java.lang.String)
12:11:45.463 [main] INFO  o.s.w.s.m.m.a.RequestMappingHandlerMapping - Mapped "{[/rest/usageByType]}" onto public java.util.List<fi.danfoss.equipmentmanager.model.EquipmentUsage> fi.danfoss.equipmentmanager.controller.ChartController.usageByType(java.lang.String,java.lang.String,java.lang.String)
12:11:45.464 [main] INFO  o.s.w.s.m.m.a.RequestMappingHandlerMapping - Mapped "{[/rest/monthlyUsageByType]}" onto public java.util.List<fi.danfoss.equipmentmanager.model.MonthlyUsage> fi.danfoss.equipmentmanager.controller.ChartController.monthlyUsageByType(java.lang.String,java.lang.String,java.lang.String)
12:11:45.466 [main] INFO  o.s.w.s.m.m.a.RequestMappingHandlerMapping - Mapped "{[/rest/uploadEquipmentFile],methods=[POST],consumes=[multipart/form-data]}" onto public org.springframework.http.ResponseEntity<java.lang.Object> fi.danfoss.equipmentmanager.controller.ConfigurationController.uploadEquipmentFile(org.springframework.web.multipart.MultipartFile) throws java.io.IOException
12:11:45.467 [main] INFO  o.s.w.s.m.m.a.RequestMappingHandlerMapping - Mapped "{[/rest/insertEquipment]}" onto public fi.danfoss.equipmentmanager.model.Equipment fi.danfoss.equipmentmanager.controller.ConfigurationController.insertEquipment(java.lang.String,java.lang.String,java.lang.String)
12:11:45.467 [main] INFO  o.s.w.s.m.m.a.RequestMappingHandlerMapping - Mapped "{[/rest/deleteType]}" onto public fi.danfoss.equipmentmanager.model.Equipmenttype fi.danfoss.equipmentmanager.controller.ConfigurationController.deleteType(java.lang.String)
12:11:45.467 [main] INFO  o.s.w.s.m.m.a.RequestMappingHandlerMapping - Mapped "{[/rest/updateType]}" onto public fi.danfoss.equipmentmanager.model.Equipmenttype fi.danfoss.equipmentmanager.controller.ConfigurationController.updateType(java.lang.String,java.lang.String,java.lang.String)
12:11:45.467 [main] INFO  o.s.w.s.m.m.a.RequestMappingHandlerMapping - Mapped "{[/rest/insertType]}" onto public fi.danfoss.equipmentmanager.model.Equipmenttype fi.danfoss.equipmentmanager.controller.ConfigurationController.insertType(java.lang.String,java.lang.String)
12:11:45.467 [main] INFO  o.s.w.s.m.m.a.RequestMappingHandlerMapping - Mapped "{[/rest/updateEquipment]}" onto public fi.danfoss.equipmentmanager.model.Equipment fi.danfoss.equipmentmanager.controller.ConfigurationController.updateEquipment(java.lang.String,java.lang.String,java.lang.String,java.lang.String)
12:11:45.467 [main] INFO  o.s.w.s.m.m.a.RequestMappingHandlerMapping - Mapped "{[/rest/deleteEquipment]}" onto public fi.danfoss.equipmentmanager.model.Equipment fi.danfoss.equipmentmanager.controller.ConfigurationController.deleteEquipment(java.lang.String)
12:11:45.467 [main] INFO  o.s.w.s.m.m.a.RequestMappingHandlerMapping - Mapped "{[/rest/getEquipmentTypes]}" onto public java.util.List<fi.danfoss.equipmentmanager.model.Equipmenttype> fi.danfoss.equipmentmanager.controller.ConfigurationController.getEquipmentTypes()
12:11:45.467 [main] INFO  o.s.w.s.m.m.a.RequestMappingHandlerMapping - Mapped "{[/rest/uploadTypeFile],methods=[POST],consumes=[multipart/form-data]}" onto public org.springframework.http.ResponseEntity<java.lang.Object> fi.danfoss.equipmentmanager.controller.ConfigurationController.uploadTypeFile(org.springframework.web.multipart.MultipartFile) throws java.io.IOException
12:11:45.468 [main] INFO  o.s.w.s.m.m.a.RequestMappingHandlerMapping - Mapped "{[/rest/getEquipment]}" onto public java.util.List<fi.danfoss.equipmentmanager.model.Equipment> fi.danfoss.equipmentmanager.controller.ConfigurationController.getEquipment()
12:11:45.468 [main] INFO  o.s.w.s.m.m.a.RequestMappingHandlerMapping - Mapped "{[/rest/enableEquipment]}" onto public fi.danfoss.equipmentmanager.model.Equipment fi.danfoss.equipmentmanager.controller.ConfigurationController.enableEquipment(java.lang.String)
12:11:45.468 [main] INFO  o.s.w.s.m.m.a.RequestMappingHandlerMapping - Mapped "{[/rest/disableEquipment]}" onto public fi.danfoss.equipmentmanager.model.Equipment fi.danfoss.equipmentmanager.controller.ConfigurationController.disableEquipment(java.lang.String)
12:11:45.469 [main] INFO  o.s.w.s.m.m.a.RequestMappingHandlerMapping - Mapped "{[/rest/returnSingle]}" onto public fi.danfoss.equipmentmanager.model.Reservation fi.danfoss.equipmentmanager.controller.ReservationController.returnSingle(java.lang.String)
12:11:45.469 [main] INFO  o.s.w.s.m.m.a.RequestMappingHandlerMapping - Mapped "{[/rest/getAllReservations]}" onto public java.util.List<fi.danfoss.equipmentmanager.model.Reservation> fi.danfoss.equipmentmanager.controller.ReservationController.getAllReservations()
12:11:45.469 [main] INFO  o.s.w.s.m.m.a.RequestMappingHandlerMapping - Mapped "{[/rest/returnMultiple]}" onto public java.lang.String fi.danfoss.equipmentmanager.controller.ReservationController.returnMultiple(java.lang.String)
12:11:45.469 [main] INFO  o.s.w.s.m.m.a.RequestMappingHandlerMapping - Mapped "{[/rest/getbyEmployeeId]}" onto public java.util.List<fi.danfoss.equipmentmanager.model.Reservation> fi.danfoss.equipmentmanager.controller.ReservationController.getbyEmployeeId(java.lang.String)
12:11:45.469 [main] INFO  o.s.w.s.m.m.a.RequestMappingHandlerMapping - Mapped "{[/rest/getEmployee]}" onto public fi.danfoss.equipmentmanager.model.Employee fi.danfoss.equipmentmanager.controller.ReservationController.getEmployee(java.lang.String)
12:11:45.469 [main] INFO  o.s.w.s.m.m.a.RequestMappingHandlerMapping - Mapped "{[/rest/getEquipmentStatus]}" onto public java.util.List<fi.danfoss.equipmentmanager.model.EquipmentStatus> fi.danfoss.equipmentmanager.controller.ReservationController.getEquipmentStatus()
12:11:45.469 [main] INFO  o.s.w.s.m.m.a.RequestMappingHandlerMapping - Mapped "{[/rest/take]}" onto public fi.danfoss.equipmentmanager.model.Reservation fi.danfoss.equipmentmanager.controller.ReservationController.takeEquipment(java.lang.String,java.lang.String,java.lang.String)
12:11:45.471 [main] INFO  o.s.w.s.m.m.a.RequestMappingHandlerMapping - Mapped "{[/error]}" onto public org.springframework.http.ResponseEntity<java.util.Map<java.lang.String, java.lang.Object>> org.springframework.boot.autoconfigure.web.BasicErrorController.error(javax.servlet.http.HttpServletRequest)
12:11:45.472 [main] INFO  o.s.w.s.m.m.a.RequestMappingHandlerMapping - Mapped "{[/error],produces=[text/html]}" onto public org.springframework.web.servlet.ModelAndView org.springframework.boot.autoconfigure.web.BasicErrorController.errorHtml(javax.servlet.http.HttpServletRequest,javax.servlet.http.HttpServletResponse)
12:11:45.498 [main] INFO  o.s.w.s.h.SimpleUrlHandlerMapping - Mapped URL path [/webjars/**] onto handler of type [class org.springframework.web.servlet.resource.ResourceHttpRequestHandler]
12:11:45.498 [main] INFO  o.s.w.s.h.SimpleUrlHandlerMapping - Mapped URL path [/**] onto handler of type [class org.springframework.web.servlet.resource.ResourceHttpRequestHandler]
12:11:45.530 [main] INFO  o.s.w.s.h.SimpleUrlHandlerMapping - Mapped URL path [/**/favicon.ico] onto handler of type [class org.springframework.web.servlet.resource.ResourceHttpRequestHandler]
12:11:45.550 [main] INFO  o.s.b.a.w.WebMvcAutoConfiguration$WelcomePageHandlerMapping - Adding welcome page: ServletContext resource [/index.html]
12:11:45.810 [main] INFO  o.s.b.a.e.mvc.EndpointHandlerMapping - Mapped "{[/mappings || /mappings.json],methods=[GET],produces=[application/vnd.spring-boot.actuator.v1+json || application/json]}" onto public java.lang.Object org.springframework.boot.actuate.endpoint.mvc.EndpointMvcAdapter.invoke()
12:11:45.811 [main] INFO  o.s.b.a.e.mvc.EndpointHandlerMapping - Mapped "{[/configprops || /configprops.json],methods=[GET],produces=[application/vnd.spring-boot.actuator.v1+json || application/json]}" onto public java.lang.Object org.springframework.boot.actuate.endpoint.mvc.EndpointMvcAdapter.invoke()
12:11:45.811 [main] INFO  o.s.b.a.e.mvc.EndpointHandlerMapping - Mapped "{[/metrics/{name:.*}],methods=[GET],produces=[application/vnd.spring-boot.actuator.v1+json || application/json]}" onto public java.lang.Object org.springframework.boot.actuate.endpoint.mvc.MetricsMvcEndpoint.value(java.lang.String)
12:11:45.811 [main] INFO  o.s.b.a.e.mvc.EndpointHandlerMapping - Mapped "{[/metrics || /metrics.json],methods=[GET],produces=[application/vnd.spring-boot.actuator.v1+json || application/json]}" onto public java.lang.Object org.springframework.boot.actuate.endpoint.mvc.EndpointMvcAdapter.invoke()
12:11:45.812 [main] INFO  o.s.b.a.e.mvc.EndpointHandlerMapping - Mapped "{[/trace || /trace.json],methods=[GET],produces=[application/vnd.spring-boot.actuator.v1+json || application/json]}" onto public java.lang.Object org.springframework.boot.actuate.endpoint.mvc.EndpointMvcAdapter.invoke()
12:11:45.812 [main] INFO  o.s.b.a.e.mvc.EndpointHandlerMapping - Mapped "{[/dump || /dump.json],methods=[GET],produces=[application/vnd.spring-boot.actuator.v1+json || application/json]}" onto public java.lang.Object org.springframework.boot.actuate.endpoint.mvc.EndpointMvcAdapter.invoke()
12:11:45.812 [main] INFO  o.s.b.a.e.mvc.EndpointHandlerMapping - Mapped "{[/beans || /beans.json],methods=[GET],produces=[application/vnd.spring-boot.actuator.v1+json || application/json]}" onto public java.lang.Object org.springframework.boot.actuate.endpoint.mvc.EndpointMvcAdapter.invoke()
12:11:45.813 [main] INFO  o.s.b.a.e.mvc.EndpointHandlerMapping - Mapped "{[/heapdump || /heapdump.json],methods=[GET],produces=[application/octet-stream]}" onto public void org.springframework.boot.actuate.endpoint.mvc.HeapdumpMvcEndpoint.invoke(boolean,javax.servlet.http.HttpServletRequest,javax.servlet.http.HttpServletResponse) throws java.io.IOException,javax.servlet.ServletException
12:11:45.815 [main] INFO  o.s.b.a.e.mvc.EndpointHandlerMapping - Mapped "{[/autoconfig || /autoconfig.json],methods=[GET],produces=[application/vnd.spring-boot.actuator.v1+json || application/json]}" onto public java.lang.Object org.springframework.boot.actuate.endpoint.mvc.EndpointMvcAdapter.invoke()
12:11:45.815 [main] INFO  o.s.b.a.e.mvc.EndpointHandlerMapping - Mapped "{[/health || /health.json],methods=[GET],produces=[application/vnd.spring-boot.actuator.v1+json || application/json]}" onto public java.lang.Object org.springframework.boot.actuate.endpoint.mvc.HealthMvcEndpoint.invoke(javax.servlet.http.HttpServletRequest)
12:11:45.816 [main] INFO  o.s.b.a.e.mvc.EndpointHandlerMapping - Mapped "{[/loggers/{name:.*}],methods=[GET],produces=[application/vnd.spring-boot.actuator.v1+json || application/json]}" onto public java.lang.Object org.springframework.boot.actuate.endpoint.mvc.LoggersMvcEndpoint.get(java.lang.String)
12:11:45.816 [main] INFO  o.s.b.a.e.mvc.EndpointHandlerMapping - Mapped "{[/loggers/{name:.*}],methods=[POST],consumes=[application/vnd.spring-boot.actuator.v1+json || application/json],produces=[application/vnd.spring-boot.actuator.v1+json || application/json]}" onto public java.lang.Object org.springframework.boot.actuate.endpoint.mvc.LoggersMvcEndpoint.set(java.lang.String,java.util.Map<java.lang.String, java.lang.String>)
12:11:45.816 [main] INFO  o.s.b.a.e.mvc.EndpointHandlerMapping - Mapped "{[/loggers || /loggers.json],methods=[GET],produces=[application/vnd.spring-boot.actuator.v1+json || application/json]}" onto public java.lang.Object org.springframework.boot.actuate.endpoint.mvc.EndpointMvcAdapter.invoke()
12:11:45.817 [main] INFO  o.s.b.a.e.mvc.EndpointHandlerMapping - Mapped "{[/auditevents || /auditevents.json],methods=[GET],produces=[application/vnd.spring-boot.actuator.v1+json || application/json]}" onto public org.springframework.http.ResponseEntity<?> org.springframework.boot.actuate.endpoint.mvc.AuditEventsMvcEndpoint.findByPrincipalAndAfterAndType(java.lang.String,java.util.Date,java.lang.String)
12:11:45.817 [main] INFO  o.s.b.a.e.mvc.EndpointHandlerMapping - Mapped "{[/env/{name:.*}],methods=[GET],produces=[application/vnd.spring-boot.actuator.v1+json || application/json]}" onto public java.lang.Object org.springframework.boot.actuate.endpoint.mvc.EnvironmentMvcEndpoint.value(java.lang.String)
12:11:45.817 [main] INFO  o.s.b.a.e.mvc.EndpointHandlerMapping - Mapped "{[/env || /env.json],methods=[GET],produces=[application/vnd.spring-boot.actuator.v1+json || application/json]}" onto public java.lang.Object org.springframework.boot.actuate.endpoint.mvc.EndpointMvcAdapter.invoke()
12:11:45.817 [main] INFO  o.s.b.a.e.mvc.EndpointHandlerMapping - Mapped "{[/info || /info.json],methods=[GET],produces=[application/vnd.spring-boot.actuator.v1+json || application/json]}" onto public java.lang.Object org.springframework.boot.actuate.endpoint.mvc.EndpointMvcAdapter.invoke()
12:11:45.982 [main] INFO  o.s.j.e.a.AnnotationMBeanExporter - Registering beans for JMX exposure on startup
12:11:45.986 [main] INFO  o.s.b.a.e.jmx.EndpointMBeanExporter - Registering beans for JMX exposure on startup
12:11:45.989 [main] INFO  o.s.c.s.DefaultLifecycleProcessor - Starting beans in phase 0
12:11:45.991 [main] INFO  o.s.b.a.e.jmx.EndpointMBeanExporter - Located managed bean 'auditEventsEndpoint': registering with JMX server as MBean [org.springframework.boot:type=Endpoint,name=auditEventsEndpoint]
12:11:46.002 [main] INFO  o.s.b.a.e.jmx.EndpointMBeanExporter - Located managed bean 'requestMappingEndpoint': registering with JMX server as MBean [org.springframework.boot:type=Endpoint,name=requestMappingEndpoint]
12:11:46.011 [main] INFO  o.s.b.a.e.jmx.EndpointMBeanExporter - Located managed bean 'environmentEndpoint': registering with JMX server as MBean [org.springframework.boot:type=Endpoint,name=environmentEndpoint]
12:11:46.015 [main] INFO  o.s.b.a.e.jmx.EndpointMBeanExporter - Located managed bean 'healthEndpoint': registering with JMX server as MBean [org.springframework.boot:type=Endpoint,name=healthEndpoint]
12:11:46.017 [main] INFO  o.s.b.a.e.jmx.EndpointMBeanExporter - Located managed bean 'beansEndpoint': registering with JMX server as MBean [org.springframework.boot:type=Endpoint,name=beansEndpoint]
12:11:46.019 [main] INFO  o.s.b.a.e.jmx.EndpointMBeanExporter - Located managed bean 'infoEndpoint': registering with JMX server as MBean [org.springframework.boot:type=Endpoint,name=infoEndpoint]
12:11:46.022 [main] INFO  o.s.b.a.e.jmx.EndpointMBeanExporter - Located managed bean 'loggersEndpoint': registering with JMX server as MBean [org.springframework.boot:type=Endpoint,name=loggersEndpoint]
12:11:46.027 [main] INFO  o.s.b.a.e.jmx.EndpointMBeanExporter - Located managed bean 'metricsEndpoint': registering with JMX server as MBean [org.springframework.boot:type=Endpoint,name=metricsEndpoint]
12:11:46.031 [main] INFO  o.s.b.a.e.jmx.EndpointMBeanExporter - Located managed bean 'traceEndpoint': registering with JMX server as MBean [org.springframework.boot:type=Endpoint,name=traceEndpoint]
12:11:46.033 [main] INFO  o.s.b.a.e.jmx.EndpointMBeanExporter - Located managed bean 'dumpEndpoint': registering with JMX server as MBean [org.springframework.boot:type=Endpoint,name=dumpEndpoint]
12:11:46.035 [main] INFO  o.s.b.a.e.jmx.EndpointMBeanExporter - Located managed bean 'autoConfigurationReportEndpoint': registering with JMX server as MBean [org.springframework.boot:type=Endpoint,name=autoConfigurationReportEndpoint]
12:11:46.037 [main] INFO  o.s.b.a.e.jmx.EndpointMBeanExporter - Located managed bean 'configurationPropertiesReportEndpoint': registering with JMX server as MBean [org.springframework.boot:type=Endpoint,name=configurationPropertiesReportEndpoint]
12:11:46.054 [main] INFO  o.a.coyote.http11.Http11NioProtocol - Initializing ProtocolHandler ["http-nio-8080"]
12:11:46.062 [main] INFO  o.a.coyote.http11.Http11NioProtocol - Starting ProtocolHandler [http-nio-8080]
12:11:46.073 [main] INFO  o.a.tomcat.util.net.NioSelectorPool - Using a shared selector for servlet write/read
12:11:46.110 [main] INFO  o.s.b.c.e.t.TomcatEmbeddedServletContainer - Tomcat started on port(s): 8080 (http)
12:11:46.115 [main] INFO  f.d.e.view.Application - Started Application in 4.131 seconds (JVM running for 4.595)
12:11:48.698 [http-nio-8080-exec-1] INFO  o.a.c.c.C.[.[.[/EquipmentManager] - Initializing Spring FrameworkServlet 'dispatcherServlet'
12:11:48.698 [http-nio-8080-exec-1] INFO  o.s.web.servlet.DispatcherServlet - FrameworkServlet 'dispatcherServlet': initialization started
12:11:48.719 [http-nio-8080-exec-1] INFO  o.s.web.servlet.DispatcherServlet - FrameworkServlet 'dispatcherServlet': initialization completed in 21 ms
12:11:48.953 [http-nio-8080-exec-2] INFO  f.d.equipmentmanager.db.DatabaseUtil - Setting DB connection properties...
12:11:48.953 [http-nio-8080-exec-2] INFO  f.d.equipmentmanager.db.DatabaseUtil - Setting DB connection properties...
12:11:48.953 [http-nio-8080-exec-2] INFO  f.d.equipmentmanager.db.DatabaseUtil - DB connection properties set!
12:11:48.953 [http-nio-8080-exec-2] INFO  f.d.equipmentmanager.db.DatabaseUtil - DB connection properties set!
12:11:48.953 [http-nio-8080-exec-2] INFO  f.d.equipmentmanager.db.DatabaseUtil - Connecting to database...
12:11:48.953 [http-nio-8080-exec-2] INFO  f.d.equipmentmanager.db.DatabaseUtil - Connecting to database...
12:11:49.009 [http-nio-8080-exec-2] INFO  o.h.jpa.internal.util.LogHelper - HHH000204: Processing PersistenceUnitInfo [
	name: EquipmentManager
	...]
12:11:49.030 [http-nio-8080-exec-2] WARN  org.hibernate.orm.connections - HHH10001002: Using Hibernate built-in connection pool (not for production use!)
12:11:49.096 [http-nio-8080-exec-2] INFO  org.hibernate.orm.connections - HHH10001005: using driver [com.microsoft.sqlserver.jdbc.SQLServerDriver] at URL [jdbc:sqlserver://localhost;databaseName=emanager_testdb]
12:11:49.097 [http-nio-8080-exec-2] INFO  org.hibernate.orm.connections - HHH10001001: Connection properties: {password=****, user=testdbuser}
12:11:49.097 [http-nio-8080-exec-2] INFO  org.hibernate.orm.connections - HHH10001003: Autocommit mode: false
12:11:49.099 [http-nio-8080-exec-2] INFO  o.h.e.j.c.i.DriverManagerConnectionProviderImpl - HHH000115: Hibernate connection pool size: 20 (min=1)
12:11:49.239 [http-nio-8080-exec-2] WARN  o.h.e.j.d.i.StandardDialectResolver - HHH000385: Unknown Microsoft SQL Server major version [14] using SQL Server 2000 dialect
12:11:49.240 [http-nio-8080-exec-2] INFO  org.hibernate.dialect.Dialect - HHH000400: Using dialect: org.hibernate.dialect.SQLServerDialect
12:11:49.551 [http-nio-8080-exec-2] INFO  f.d.equipmentmanager.db.DatabaseUtil - Connection complete!
12:11:49.551 [http-nio-8080-exec-2] INFO  f.d.equipmentmanager.db.DatabaseUtil - Connection complete!
12:11:50.363 [http-nio-8080-exec-3] INFO  f.d.e.controller.ChartController - Equipment sdafsdaafa/fsadfsad disabled.
12:11:50.363 [http-nio-8080-exec-3] INFO  f.d.e.controller.ChartController - Equipment sdafsdaafa/fsadfsad disabled.
12:11:54.490 [http-nio-8080-exec-7] INFO  f.d.e.controller.ChartController - Equipment asdgfsag/sadgsadgasfsa updated.
12:11:54.490 [http-nio-8080-exec-7] INFO  f.d.e.controller.ChartController - Equipment asdgfsag/sadgsadgasfsa updated.
