225  [main] INFO  o.h.jpa.internal.util.LogHelper - HHH000204: Processing PersistenceUnitInfo [
	name: EquipmentManager
	...]
286  [main] INFO  org.hibernate.Version - HHH000412: Hibernate Core {5.0.11.Final}
288  [main] INFO  org.hibernate.cfg.Environment - HHH000206: hibernate.properties not found
289  [main] INFO  org.hibernate.cfg.Environment - HHH000021: Bytecode provider name : javassist
322  [main] INFO  o.h.annotations.common.Version - HCANN000001: Hibernate Commons Annotations {5.0.1.Final}
418  [main] WARN  org.hibernate.orm.connections - HHH10001002: Using Hibernate built-in connection pool (not for production use!)
425  [main] INFO  org.hibernate.orm.connections - HHH10001005: using driver [com.mysql.jdbc.Driver] at URL [jdbc:mysql://localhost:3306/emanager_testdb]
425  [main] INFO  org.hibernate.orm.connections - HHH10001001: Connection properties: {password=****, user=testdbuser}
426  [main] INFO  org.hibernate.orm.connections - HHH10001003: Autocommit mode: false
427  [main] INFO  o.h.e.j.c.i.DriverManagerConnectionProviderImpl - HHH000115: Hibernate connection pool size: 20 (min=1)
634  [main] INFO  org.hibernate.dialect.Dialect - HHH000400: Using dialect: org.hibernate.dialect.MySQL5Dialect
228  [main] INFO  o.h.jpa.internal.util.LogHelper - HHH000204: Processing PersistenceUnitInfo [
	name: EquipmentManager
	...]
283  [main] INFO  org.hibernate.Version - HHH000412: Hibernate Core {5.0.11.Final}
285  [main] INFO  org.hibernate.cfg.Environment - HHH000206: hibernate.properties not found
286  [main] INFO  org.hibernate.cfg.Environment - HHH000021: Bytecode provider name : javassist
325  [main] INFO  o.h.annotations.common.Version - HCANN000001: Hibernate Commons Annotations {5.0.1.Final}
413  [main] WARN  org.hibernate.orm.connections - HHH10001002: Using Hibernate built-in connection pool (not for production use!)
418  [main] INFO  org.hibernate.orm.connections - HHH10001005: using driver [com.mysql.jdbc.Driver] at URL [jdbc:mysql://localhost:3306/emanager_testdb]
419  [main] INFO  org.hibernate.orm.connections - HHH10001001: Connection properties: {password=****, user=testdbuser}
419  [main] INFO  org.hibernate.orm.connections - HHH10001003: Autocommit mode: false
421  [main] INFO  o.h.e.j.c.i.DriverManagerConnectionProviderImpl - HHH000115: Hibernate connection pool size: 20 (min=1)
645  [main] INFO  org.hibernate.dialect.Dialect - HHH000400: Using dialect: org.hibernate.dialect.MySQL5Dialect
216  [main] INFO  o.h.jpa.internal.util.LogHelper - HHH000204: Processing PersistenceUnitInfo [
	name: EquipmentManager
	...]
273  [main] INFO  org.hibernate.Version - HHH000412: Hibernate Core {5.0.11.Final}
274  [main] INFO  org.hibernate.cfg.Environment - HHH000206: hibernate.properties not found
276  [main] INFO  org.hibernate.cfg.Environment - HHH000021: Bytecode provider name : javassist
322  [main] INFO  o.h.annotations.common.Version - HCANN000001: Hibernate Commons Annotations {5.0.1.Final}
406  [main] WARN  org.hibernate.orm.connections - HHH10001002: Using Hibernate built-in connection pool (not for production use!)
412  [main] INFO  org.hibernate.orm.connections - HHH10001005: using driver [com.mysql.jdbc.Driver] at URL [jdbc:mysql://localhost:3306/emanager_testdb]
412  [main] INFO  org.hibernate.orm.connections - HHH10001001: Connection properties: {password=****, user=testdbuser}
413  [main] INFO  org.hibernate.orm.connections - HHH10001003: Autocommit mode: false
415  [main] INFO  o.h.e.j.c.i.DriverManagerConnectionProviderImpl - HHH000115: Hibernate connection pool size: 20 (min=1)
615  [main] INFO  org.hibernate.dialect.Dialect - HHH000400: Using dialect: org.hibernate.dialect.MySQL5Dialect
