2018-04-19 14:28:33.256  INFO 16328 --- [http-nio-8080-exec-1] f.d.equipmentmanager.db.DatabaseUtil     : Setting DB connection properties...
2018-04-19 14:28:33.258  INFO 16328 --- [http-nio-8080-exec-1] f.d.equipmentmanager.db.DatabaseUtil     : DB connection properties set!
2018-04-19 14:28:33.258  INFO 16328 --- [http-nio-8080-exec-1] f.d.equipmentmanager.db.DatabaseUtil     : Connecting to database...
2018-04-19 14:28:33.344  WARN 16328 --- [http-nio-8080-exec-1] org.hibernate.orm.connections            : HHH10001002: Using Hibernate built-in connection pool (not for production use!)
2018-04-19 14:28:33.738  INFO 16328 --- [http-nio-8080-exec-1] f.d.equipmentmanager.db.DatabaseUtil     : Connection complete!
2018-04-19 14:39:11.943  INFO 20092 --- [http-nio-8080-exec-1] f.d.equipmentmanager.db.DatabaseUtil     : Setting DB connection properties...
2018-04-19 14:39:11.945  INFO 20092 --- [http-nio-8080-exec-1] f.d.equipmentmanager.db.DatabaseUtil     : DB connection properties set!
2018-04-19 14:39:11.945  INFO 20092 --- [http-nio-8080-exec-1] f.d.equipmentmanager.db.DatabaseUtil     : Connecting to database...
2018-04-19 14:39:12.022  WARN 20092 --- [http-nio-8080-exec-1] org.hibernate.orm.connections            : HHH10001002: Using Hibernate built-in connection pool (not for production use!)
2018-04-19 14:39:12.376  INFO 20092 --- [http-nio-8080-exec-1] f.d.equipmentmanager.db.DatabaseUtil     : Connection complete!
2018-04-19 14:39:12.445  INFO 20092 --- [http-nio-8080-exec-1] f.d.e.controller.ChartController         : Equipment list retrieved.
2018-04-19 14:39:15.879  INFO 20092 --- [http-nio-8080-exec-2] f.d.e.controller.ChartController         : Equipment MetraHit Base Yleismittari/MI_TD1842 disabled.
2018-04-19 14:39:15.913  INFO 20092 --- [http-nio-8080-exec-3] f.d.e.controller.ChartController         : Equipment list retrieved.
2018-04-19 14:39:21.695  INFO 20092 --- [http-nio-8080-exec-4] f.d.e.controller.ChartController         : Equipment MetraHit Base Yleismittari/MI_TD1842 enabled.
2018-04-19 14:39:21.718  INFO 20092 --- [http-nio-8080-exec-5] f.d.e.controller.ChartController         : Equipment list retrieved.
2018-04-19 14:39:23.886  INFO 20092 --- [http-nio-8080-exec-6] f.d.e.controller.ChartController         : Equipment MetraHit Base Yleismittari/MI_TD1812 disabled.
2018-04-19 14:39:23.906  INFO 20092 --- [http-nio-8080-exec-7] f.d.e.controller.ChartController         : Equipment list retrieved.
2018-04-19 14:39:25.784  INFO 20092 --- [http-nio-8080-exec-8] f.d.e.controller.ChartController         : Equipment MetraHit Base Yleismittari/MI_TD1812 enabled.
2018-04-19 14:39:25.805  INFO 20092 --- [http-nio-8080-exec-9] f.d.e.controller.ChartController         : Equipment list retrieved.
2018-04-19 14:39:28.850  INFO 20092 --- [http-nio-8080-exec-10] f.d.e.controller.ChartController         : Equipment type list retrieved.
2018-04-19 14:39:28.885  INFO 20092 --- [http-nio-8080-exec-1] f.d.e.controller.ChartController         : Equipment list retrieved.
2018-04-19 14:39:32.878  INFO 20092 --- [http-nio-8080-exec-2] f.d.e.controller.ChartController         : Equipment MetraHit Base Yleismittari2/MI_TD1842 updated.
2018-04-19 14:39:32.899  INFO 20092 --- [http-nio-8080-exec-3] f.d.e.controller.ChartController         : Equipment list retrieved.
2018-04-19 14:39:39.507  INFO 20092 --- [http-nio-8080-exec-4] f.d.e.controller.ChartController         : Equipment MetraHit Base Yleismittari2/MI_TD1842 deleted.
2018-04-19 14:39:39.526  INFO 20092 --- [http-nio-8080-exec-5] f.d.e.controller.ChartController         : Equipment list retrieved.
2018-04-19 14:39:43.833  INFO 20092 --- [http-nio-8080-exec-6] f.d.e.controller.ChartController         : Equipment type list retrieved.
2018-04-19 14:39:43.862  INFO 20092 --- [http-nio-8080-exec-7] f.d.e.controller.ChartController         : Equipment list retrieved.
2018-04-19 14:39:54.378  INFO 20092 --- [http-nio-8080-exec-8] f.d.e.controller.ChartController         : Equipment asfasf/asfasf inserted.
2018-04-19 14:39:54.396  INFO 20092 --- [http-nio-8080-exec-9] f.d.e.controller.ChartController         : Equipment list retrieved.
2018-04-19 14:40:07.887  INFO 20092 --- [http-nio-8080-exec-10] f.d.e.controller.ChartController         : Equipment asfasf/asfasf deleted.
2018-04-19 14:40:07.902  INFO 20092 --- [http-nio-8080-exec-1] f.d.e.controller.ChartController         : Equipment list retrieved.
2018-04-19 14:40:13.617  INFO 20092 --- [http-nio-8080-exec-2] f.d.e.controller.ChartController         : Equipment type list retrieved.
2018-04-19 14:40:18.645  INFO 20092 --- [http-nio-8080-exec-3] f.d.e.controller.ChartController         : Attempted to delete equipment type with equipment attached to it.
2018-04-19 14:40:18.665  INFO 20092 --- [http-nio-8080-exec-4] f.d.e.controller.ChartController         : Equipment type list retrieved.
2018-04-19 14:41:34.271  INFO 20092 --- [http-nio-8080-exec-6] f.d.e.controller.ChartController         : Equipment type OSKILLOSKOOPPIx/1361 updated.
2018-04-19 14:41:34.278  INFO 20092 --- [http-nio-8080-exec-7] f.d.e.controller.ChartController         : Equipment type list retrieved.
2018-04-19 14:41:54.226  INFO 20092 --- [http-nio-8080-exec-8] f.d.e.controller.ChartController         : Equipment type OSKILLOSKOOPPI/1361 updated.
2018-04-19 14:41:54.232  INFO 20092 --- [http-nio-8080-exec-9] f.d.e.controller.ChartController         : Equipment type list retrieved.
2018-04-19 14:42:00.109  INFO 20092 --- [http-nio-8080-exec-10] f.d.e.controller.ChartController         : Equipment type OSKILLOSKOOPPI/136111 updated.
2018-04-19 14:42:00.114  INFO 20092 --- [http-nio-8080-exec-1] f.d.e.controller.ChartController         : Equipment type list retrieved.
2018-04-19 14:42:05.763  INFO 20092 --- [http-nio-8080-exec-3] f.d.e.controller.ChartController         : Equipment type list retrieved.
2018-04-24 12:25:15.939  INFO 6932 --- [http-nio-8080-exec-2] f.d.e.controller.ChartController         : Equipment type file uploaded.
2018-04-24 12:25:16.494  INFO 6932 --- [http-nio-8080-exec-2] f.d.equipmentmanager.db.DatabaseUtil     : Setting DB connection properties...
2018-04-24 12:25:16.494  INFO 6932 --- [http-nio-8080-exec-2] f.d.equipmentmanager.db.DatabaseUtil     : DB connection properties set!
2018-04-24 12:25:16.494  INFO 6932 --- [http-nio-8080-exec-2] f.d.equipmentmanager.db.DatabaseUtil     : Connecting to database...
2018-04-24 12:25:16.560  WARN 6932 --- [http-nio-8080-exec-2] org.hibernate.orm.connections            : HHH10001002: Using Hibernate built-in connection pool (not for production use!)
2018-04-24 12:25:16.571 ERROR 6932 --- [http-nio-8080-exec-2] o.a.c.c.C.[.[.[/].[dispatcherServlet]    : Servlet.service() for servlet [dispatcherServlet] in context with path [] threw exception [Handler dispatch failed; nested exception is java.lang.ExceptionInInitializerError] with root cause

java.lang.ClassNotFoundException: Could not load requested class : com.microsoft.sqlserver.jdbc.SQLServerDriver
	at org.hibernate.boot.registry.classloading.internal.ClassLoaderServiceImpl$AggregatedClassLoader.findClass(ClassLoaderServiceImpl.java:217)
	at java.base/java.lang.ClassLoader.loadClass(ClassLoader.java:563)
	at java.base/java.lang.ClassLoader.loadClass(ClassLoader.java:496)
	at java.base/java.lang.Class.forName0(Native Method)
	at java.base/java.lang.Class.forName(Class.java:375)
	at org.hibernate.boot.registry.classloading.internal.ClassLoaderServiceImpl.classForName(ClassLoaderServiceImpl.java:226)
	at org.hibernate.engine.jdbc.connections.internal.DriverManagerConnectionProviderImpl.loadDriverIfPossible(DriverManagerConnectionProviderImpl.java:161)
	at org.hibernate.engine.jdbc.connections.internal.DriverManagerConnectionProviderImpl.buildCreator(DriverManagerConnectionProviderImpl.java:117)
	at org.hibernate.engine.jdbc.connections.internal.DriverManagerConnectionProviderImpl.configure(DriverManagerConnectionProviderImpl.java:73)
	at org.hibernate.boot.registry.internal.StandardServiceRegistryImpl.configureService(StandardServiceRegistryImpl.java:94)
	at org.hibernate.service.internal.AbstractServiceRegistryImpl.initializeService(AbstractServiceRegistryImpl.java:237)
	at org.hibernate.service.internal.AbstractServiceRegistryImpl.getService(AbstractServiceRegistryImpl.java:207)
	at org.hibernate.engine.jdbc.env.internal.JdbcEnvironmentInitiator.buildJdbcConnectionAccess(JdbcEnvironmentInitiator.java:145)
	at org.hibernate.engine.jdbc.env.internal.JdbcEnvironmentInitiator.initiateService(JdbcEnvironmentInitiator.java:66)
	at org.hibernate.engine.jdbc.env.internal.JdbcEnvironmentInitiator.initiateService(JdbcEnvironmentInitiator.java:35)
	at org.hibernate.boot.registry.internal.StandardServiceRegistryImpl.initiateService(StandardServiceRegistryImpl.java:88)
	at org.hibernate.service.internal.AbstractServiceRegistryImpl.createService(AbstractServiceRegistryImpl.java:254)
	at org.hibernate.service.internal.AbstractServiceRegistryImpl.initializeService(AbstractServiceRegistryImpl.java:228)
	at org.hibernate.service.internal.AbstractServiceRegistryImpl.getService(AbstractServiceRegistryImpl.java:207)
	at org.hibernate.engine.jdbc.internal.JdbcServicesImpl.configure(JdbcServicesImpl.java:51)
	at org.hibernate.boot.registry.internal.StandardServiceRegistryImpl.configureService(StandardServiceRegistryImpl.java:94)
	at org.hibernate.service.internal.AbstractServiceRegistryImpl.initializeService(AbstractServiceRegistryImpl.java:237)
	at org.hibernate.service.internal.AbstractServiceRegistryImpl.getService(AbstractServiceRegistryImpl.java:207)
	at org.hibernate.boot.model.process.spi.MetadataBuildingProcess.handleTypes(MetadataBuildingProcess.java:352)
	at org.hibernate.boot.model.process.spi.MetadataBuildingProcess.complete(MetadataBuildingProcess.java:111)
	at org.hibernate.jpa.boot.internal.EntityManagerFactoryBuilderImpl.metadata(EntityManagerFactoryBuilderImpl.java:847)
	at org.hibernate.jpa.boot.internal.EntityManagerFactoryBuilderImpl.build(EntityManagerFactoryBuilderImpl.java:874)
	at org.hibernate.jpa.HibernatePersistenceProvider.createEntityManagerFactory(HibernatePersistenceProvider.java:58)
	at javax.persistence.Persistence.createEntityManagerFactory(Persistence.java:55)
	at fi.danfoss.equipmentmanager.db.DatabaseUtil.<clinit>(DatabaseUtil.java:31)
	at fi.danfoss.equipmentmanager.model.EquipmenttypeDao.init(EquipmenttypeDao.java:35)
	at fi.danfoss.equipmentmanager.utils.EquipmentDataReader.readEquipmentTypesFromFile(EquipmentDataReader.java:195)
	at fi.danfoss.equipmentmanager.utils.EquipmentDataReader.verifyEquipmentTypeFile(EquipmentDataReader.java:58)
	at fi.danfoss.equipmentmanager.controller.ConfigurationController.uploadTypeFile(ConfigurationController.java:42)
	at java.base/jdk.internal.reflect.NativeMethodAccessorImpl.invoke0(Native Method)
	at java.base/jdk.internal.reflect.NativeMethodAccessorImpl.invoke(NativeMethodAccessorImpl.java:62)
	at java.base/jdk.internal.reflect.DelegatingMethodAccessorImpl.invoke(DelegatingMethodAccessorImpl.java:43)
	at java.base/java.lang.reflect.Method.invoke(Method.java:564)
	at org.springframework.web.method.support.InvocableHandlerMethod.doInvoke(InvocableHandlerMethod.java:205)
	at org.springframework.web.method.support.InvocableHandlerMethod.invokeForRequest(InvocableHandlerMethod.java:133)
	at org.springframework.web.servlet.mvc.method.annotation.ServletInvocableHandlerMethod.invokeAndHandle(ServletInvocableHandlerMethod.java:116)
	at org.springframework.web.servlet.mvc.method.annotation.RequestMappingHandlerAdapter.invokeHandlerMethod(RequestMappingHandlerAdapter.java:827)
	at org.springframework.web.servlet.mvc.method.annotation.RequestMappingHandlerAdapter.handleInternal(RequestMappingHandlerAdapter.java:738)
	at org.springframework.web.servlet.mvc.method.AbstractHandlerMethodAdapter.handle(AbstractHandlerMethodAdapter.java:85)
	at org.springframework.web.servlet.DispatcherServlet.doDispatch(DispatcherServlet.java:963)
	at org.springframework.web.servlet.DispatcherServlet.doService(DispatcherServlet.java:897)
	at org.springframework.web.servlet.FrameworkServlet.processRequest(FrameworkServlet.java:970)
	at org.springframework.web.servlet.FrameworkServlet.doPost(FrameworkServlet.java:872)
	at javax.servlet.http.HttpServlet.service(HttpServlet.java:648)
	at org.springframework.web.servlet.FrameworkServlet.service(FrameworkServlet.java:846)
	at javax.servlet.http.HttpServlet.service(HttpServlet.java:729)
	at org.apache.catalina.core.ApplicationFilterChain.internalDoFilter(ApplicationFilterChain.java:230)
	at org.apache.catalina.core.ApplicationFilterChain.doFilter(ApplicationFilterChain.java:165)
	at org.apache.tomcat.websocket.server.WsFilter.doFilter(WsFilter.java:52)
	at org.apache.catalina.core.ApplicationFilterChain.internalDoFilter(ApplicationFilterChain.java:192)
	at org.apache.catalina.core.ApplicationFilterChain.doFilter(ApplicationFilterChain.java:165)
	at org.springframework.web.filter.RequestContextFilter.doFilterInternal(RequestContextFilter.java:99)
	at org.springframework.web.filter.OncePerRequestFilter.doFilter(OncePerRequestFilter.java:107)
	at org.apache.catalina.core.ApplicationFilterChain.internalDoFilter(ApplicationFilterChain.java:192)
	at org.apache.catalina.core.ApplicationFilterChain.doFilter(ApplicationFilterChain.java:165)
	at org.springframework.web.filter.HttpPutFormContentFilter.doFilterInternal(HttpPutFormContentFilter.java:105)
	at org.springframework.web.filter.OncePerRequestFilter.doFilter(OncePerRequestFilter.java:107)
	at org.apache.catalina.core.ApplicationFilterChain.internalDoFilter(ApplicationFilterChain.java:192)
	at org.apache.catalina.core.ApplicationFilterChain.doFilter(ApplicationFilterChain.java:165)
	at org.springframework.web.filter.HiddenHttpMethodFilter.doFilterInternal(HiddenHttpMethodFilter.java:81)
	at org.springframework.web.filter.OncePerRequestFilter.doFilter(OncePerRequestFilter.java:107)
	at org.apache.catalina.core.ApplicationFilterChain.internalDoFilter(ApplicationFilterChain.java:192)
	at org.apache.catalina.core.ApplicationFilterChain.doFilter(ApplicationFilterChain.java:165)
	at org.springframework.web.filter.CharacterEncodingFilter.doFilterInternal(CharacterEncodingFilter.java:197)
	at org.springframework.web.filter.OncePerRequestFilter.doFilter(OncePerRequestFilter.java:107)
	at org.apache.catalina.core.ApplicationFilterChain.internalDoFilter(ApplicationFilterChain.java:192)
	at org.apache.catalina.core.ApplicationFilterChain.doFilter(ApplicationFilterChain.java:165)
	at org.apache.catalina.core.StandardWrapperValve.invoke(StandardWrapperValve.java:198)
	at org.apache.catalina.core.StandardContextValve.invoke(StandardContextValve.java:96)
	at org.apache.catalina.authenticator.AuthenticatorBase.invoke(AuthenticatorBase.java:474)
	at org.apache.catalina.core.StandardHostValve.invoke(StandardHostValve.java:140)
	at org.apache.catalina.valves.ErrorReportValve.invoke(ErrorReportValve.java:79)
	at org.apache.catalina.core.StandardEngineValve.invoke(StandardEngineValve.java:87)
	at org.apache.catalina.connector.CoyoteAdapter.service(CoyoteAdapter.java:349)
	at org.apache.coyote.http11.Http11Processor.service(Http11Processor.java:783)
	at org.apache.coyote.AbstractProcessorLight.process(AbstractProcessorLight.java:66)
	at org.apache.coyote.AbstractProtocol$ConnectionHandler.process(AbstractProtocol.java:798)
	at org.apache.tomcat.util.net.NioEndpoint$SocketProcessor.doRun(NioEndpoint.java:1434)
	at org.apache.tomcat.util.net.SocketProcessorBase.run(SocketProcessorBase.java:49)
	at java.base/java.util.concurrent.ThreadPoolExecutor.runWorker(ThreadPoolExecutor.java:1167)
	at java.base/java.util.concurrent.ThreadPoolExecutor$Worker.run(ThreadPoolExecutor.java:641)
	at org.apache.tomcat.util.threads.TaskThread$WrappingRunnable.run(TaskThread.java:61)
	at java.base/java.lang.Thread.run(Thread.java:844)

2018-04-24 12:25:34.709  INFO 6932 --- [http-nio-8080-exec-6] f.d.e.controller.ChartController         : Equipment file uploaded.
2018-04-24 12:25:34.712 ERROR 6932 --- [http-nio-8080-exec-6] o.a.c.c.C.[.[.[/].[dispatcherServlet]    : Servlet.service() for servlet [dispatcherServlet] in context with path [] threw exception [Handler dispatch failed; nested exception is java.lang.NoClassDefFoundError: Could not initialize class fi.danfoss.equipmentmanager.db.DatabaseUtil] with root cause

java.lang.NoClassDefFoundError: Could not initialize class fi.danfoss.equipmentmanager.db.DatabaseUtil
	at fi.danfoss.equipmentmanager.model.EquipmentDao.init(EquipmentDao.java:36)
	at fi.danfoss.equipmentmanager.utils.EquipmentDataReader.readEquipmentFromFile(EquipmentDataReader.java:73)
	at fi.danfoss.equipmentmanager.utils.EquipmentDataReader.verifyEquipmentFile(EquipmentDataReader.java:44)
	at fi.danfoss.equipmentmanager.controller.ConfigurationController.uploadEquipmentFile(ConfigurationController.java:35)
	at java.base/jdk.internal.reflect.NativeMethodAccessorImpl.invoke0(Native Method)
	at java.base/jdk.internal.reflect.NativeMethodAccessorImpl.invoke(NativeMethodAccessorImpl.java:62)
	at java.base/jdk.internal.reflect.DelegatingMethodAccessorImpl.invoke(DelegatingMethodAccessorImpl.java:43)
	at java.base/java.lang.reflect.Method.invoke(Method.java:564)
	at org.springframework.web.method.support.InvocableHandlerMethod.doInvoke(InvocableHandlerMethod.java:205)
	at org.springframework.web.method.support.InvocableHandlerMethod.invokeForRequest(InvocableHandlerMethod.java:133)
	at org.springframework.web.servlet.mvc.method.annotation.ServletInvocableHandlerMethod.invokeAndHandle(ServletInvocableHandlerMethod.java:116)
	at org.springframework.web.servlet.mvc.method.annotation.RequestMappingHandlerAdapter.invokeHandlerMethod(RequestMappingHandlerAdapter.java:827)
	at org.springframework.web.servlet.mvc.method.annotation.RequestMappingHandlerAdapter.handleInternal(RequestMappingHandlerAdapter.java:738)
	at org.springframework.web.servlet.mvc.method.AbstractHandlerMethodAdapter.handle(AbstractHandlerMethodAdapter.java:85)
	at org.springframework.web.servlet.DispatcherServlet.doDispatch(DispatcherServlet.java:963)
	at org.springframework.web.servlet.DispatcherServlet.doService(DispatcherServlet.java:897)
	at org.springframework.web.servlet.FrameworkServlet.processRequest(FrameworkServlet.java:970)
	at org.springframework.web.servlet.FrameworkServlet.doPost(FrameworkServlet.java:872)
	at javax.servlet.http.HttpServlet.service(HttpServlet.java:648)
	at org.springframework.web.servlet.FrameworkServlet.service(FrameworkServlet.java:846)
	at javax.servlet.http.HttpServlet.service(HttpServlet.java:729)
	at org.apache.catalina.core.ApplicationFilterChain.internalDoFilter(ApplicationFilterChain.java:230)
	at org.apache.catalina.core.ApplicationFilterChain.doFilter(ApplicationFilterChain.java:165)
	at org.apache.tomcat.websocket.server.WsFilter.doFilter(WsFilter.java:52)
	at org.apache.catalina.core.ApplicationFilterChain.internalDoFilter(ApplicationFilterChain.java:192)
	at org.apache.catalina.core.ApplicationFilterChain.doFilter(ApplicationFilterChain.java:165)
	at org.springframework.web.filter.RequestContextFilter.doFilterInternal(RequestContextFilter.java:99)
	at org.springframework.web.filter.OncePerRequestFilter.doFilter(OncePerRequestFilter.java:107)
	at org.apache.catalina.core.ApplicationFilterChain.internalDoFilter(ApplicationFilterChain.java:192)
	at org.apache.catalina.core.ApplicationFilterChain.doFilter(ApplicationFilterChain.java:165)
	at org.springframework.web.filter.HttpPutFormContentFilter.doFilterInternal(HttpPutFormContentFilter.java:105)
	at org.springframework.web.filter.OncePerRequestFilter.doFilter(OncePerRequestFilter.java:107)
	at org.apache.catalina.core.ApplicationFilterChain.internalDoFilter(ApplicationFilterChain.java:192)
	at org.apache.catalina.core.ApplicationFilterChain.doFilter(ApplicationFilterChain.java:165)
	at org.springframework.web.filter.HiddenHttpMethodFilter.doFilterInternal(HiddenHttpMethodFilter.java:81)
	at org.springframework.web.filter.OncePerRequestFilter.doFilter(OncePerRequestFilter.java:107)
	at org.apache.catalina.core.ApplicationFilterChain.internalDoFilter(ApplicationFilterChain.java:192)
	at org.apache.catalina.core.ApplicationFilterChain.doFilter(ApplicationFilterChain.java:165)
	at org.springframework.web.filter.CharacterEncodingFilter.doFilterInternal(CharacterEncodingFilter.java:197)
	at org.springframework.web.filter.OncePerRequestFilter.doFilter(OncePerRequestFilter.java:107)
	at org.apache.catalina.core.ApplicationFilterChain.internalDoFilter(ApplicationFilterChain.java:192)
	at org.apache.catalina.core.ApplicationFilterChain.doFilter(ApplicationFilterChain.java:165)
	at org.apache.catalina.core.StandardWrapperValve.invoke(StandardWrapperValve.java:198)
	at org.apache.catalina.core.StandardContextValve.invoke(StandardContextValve.java:96)
	at org.apache.catalina.authenticator.AuthenticatorBase.invoke(AuthenticatorBase.java:474)
	at org.apache.catalina.core.StandardHostValve.invoke(StandardHostValve.java:140)
	at org.apache.catalina.valves.ErrorReportValve.invoke(ErrorReportValve.java:79)
	at org.apache.catalina.core.StandardEngineValve.invoke(StandardEngineValve.java:87)
	at org.apache.catalina.connector.CoyoteAdapter.service(CoyoteAdapter.java:349)
	at org.apache.coyote.http11.Http11Processor.service(Http11Processor.java:783)
	at org.apache.coyote.AbstractProcessorLight.process(AbstractProcessorLight.java:66)
	at org.apache.coyote.AbstractProtocol$ConnectionHandler.process(AbstractProtocol.java:798)
	at org.apache.tomcat.util.net.NioEndpoint$SocketProcessor.doRun(NioEndpoint.java:1434)
	at org.apache.tomcat.util.net.SocketProcessorBase.run(SocketProcessorBase.java:49)
	at java.base/java.util.concurrent.ThreadPoolExecutor.runWorker(ThreadPoolExecutor.java:1167)
	at java.base/java.util.concurrent.ThreadPoolExecutor$Worker.run(ThreadPoolExecutor.java:641)
	at org.apache.tomcat.util.threads.TaskThread$WrappingRunnable.run(TaskThread.java:61)
	at java.base/java.lang.Thread.run(Thread.java:844)

2018-04-24 13:58:00.400  INFO 19636 --- [http-nio-8080-exec-1] f.d.e.controller.ChartController         : Equipment type file uploaded.
2018-04-24 13:58:00.847  INFO 19636 --- [http-nio-8080-exec-1] f.d.equipmentmanager.db.DatabaseUtil     : Setting DB connection properties...
2018-04-24 13:58:00.848  INFO 19636 --- [http-nio-8080-exec-1] f.d.equipmentmanager.db.DatabaseUtil     : DB connection properties set!
2018-04-24 13:58:00.848  INFO 19636 --- [http-nio-8080-exec-1] f.d.equipmentmanager.db.DatabaseUtil     : Connecting to database...
2018-04-24 13:58:00.932  WARN 19636 --- [http-nio-8080-exec-1] org.hibernate.orm.connections            : HHH10001002: Using Hibernate built-in connection pool (not for production use!)
2018-04-24 13:58:00.943 ERROR 19636 --- [http-nio-8080-exec-1] o.a.c.c.C.[.[.[/].[dispatcherServlet]    : Servlet.service() for servlet [dispatcherServlet] in context with path [] threw exception [Handler dispatch failed; nested exception is java.lang.ExceptionInInitializerError] with root cause

java.lang.ClassNotFoundException: Could not load requested class : com.microsoft.sqlserver.jdbc.SQLServerDriver
	at org.hibernate.boot.registry.classloading.internal.ClassLoaderServiceImpl$AggregatedClassLoader.findClass(ClassLoaderServiceImpl.java:217)
	at java.base/java.lang.ClassLoader.loadClass(ClassLoader.java:563)
	at java.base/java.lang.ClassLoader.loadClass(ClassLoader.java:496)
	at java.base/java.lang.Class.forName0(Native Method)
	at java.base/java.lang.Class.forName(Class.java:375)
	at org.hibernate.boot.registry.classloading.internal.ClassLoaderServiceImpl.classForName(ClassLoaderServiceImpl.java:226)
	at org.hibernate.engine.jdbc.connections.internal.DriverManagerConnectionProviderImpl.loadDriverIfPossible(DriverManagerConnectionProviderImpl.java:161)
	at org.hibernate.engine.jdbc.connections.internal.DriverManagerConnectionProviderImpl.buildCreator(DriverManagerConnectionProviderImpl.java:117)
	at org.hibernate.engine.jdbc.connections.internal.DriverManagerConnectionProviderImpl.configure(DriverManagerConnectionProviderImpl.java:73)
	at org.hibernate.boot.registry.internal.StandardServiceRegistryImpl.configureService(StandardServiceRegistryImpl.java:94)
	at org.hibernate.service.internal.AbstractServiceRegistryImpl.initializeService(AbstractServiceRegistryImpl.java:237)
	at org.hibernate.service.internal.AbstractServiceRegistryImpl.getService(AbstractServiceRegistryImpl.java:207)
	at org.hibernate.engine.jdbc.env.internal.JdbcEnvironmentInitiator.buildJdbcConnectionAccess(JdbcEnvironmentInitiator.java:145)
	at org.hibernate.engine.jdbc.env.internal.JdbcEnvironmentInitiator.initiateService(JdbcEnvironmentInitiator.java:66)
	at org.hibernate.engine.jdbc.env.internal.JdbcEnvironmentInitiator.initiateService(JdbcEnvironmentInitiator.java:35)
	at org.hibernate.boot.registry.internal.StandardServiceRegistryImpl.initiateService(StandardServiceRegistryImpl.java:88)
	at org.hibernate.service.internal.AbstractServiceRegistryImpl.createService(AbstractServiceRegistryImpl.java:254)
	at org.hibernate.service.internal.AbstractServiceRegistryImpl.initializeService(AbstractServiceRegistryImpl.java:228)
	at org.hibernate.service.internal.AbstractServiceRegistryImpl.getService(AbstractServiceRegistryImpl.java:207)
	at org.hibernate.engine.jdbc.internal.JdbcServicesImpl.configure(JdbcServicesImpl.java:51)
	at org.hibernate.boot.registry.internal.StandardServiceRegistryImpl.configureService(StandardServiceRegistryImpl.java:94)
	at org.hibernate.service.internal.AbstractServiceRegistryImpl.initializeService(AbstractServiceRegistryImpl.java:237)
	at org.hibernate.service.internal.AbstractServiceRegistryImpl.getService(AbstractServiceRegistryImpl.java:207)
	at org.hibernate.boot.model.process.spi.MetadataBuildingProcess.handleTypes(MetadataBuildingProcess.java:352)
	at org.hibernate.boot.model.process.spi.MetadataBuildingProcess.complete(MetadataBuildingProcess.java:111)
	at org.hibernate.jpa.boot.internal.EntityManagerFactoryBuilderImpl.metadata(EntityManagerFactoryBuilderImpl.java:847)
	at org.hibernate.jpa.boot.internal.EntityManagerFactoryBuilderImpl.build(EntityManagerFactoryBuilderImpl.java:874)
	at org.hibernate.jpa.HibernatePersistenceProvider.createEntityManagerFactory(HibernatePersistenceProvider.java:58)
	at javax.persistence.Persistence.createEntityManagerFactory(Persistence.java:55)
	at fi.danfoss.equipmentmanager.db.DatabaseUtil.<clinit>(DatabaseUtil.java:31)
	at fi.danfoss.equipmentmanager.model.EquipmenttypeDao.init(EquipmenttypeDao.java:35)
	at fi.danfoss.equipmentmanager.utils.EquipmentDataReader.readEquipmentTypesFromFile(EquipmentDataReader.java:195)
	at fi.danfoss.equipmentmanager.utils.EquipmentDataReader.verifyEquipmentTypeFile(EquipmentDataReader.java:58)
	at fi.danfoss.equipmentmanager.controller.ConfigurationController.uploadTypeFile(ConfigurationController.java:42)
	at java.base/jdk.internal.reflect.NativeMethodAccessorImpl.invoke0(Native Method)
	at java.base/jdk.internal.reflect.NativeMethodAccessorImpl.invoke(NativeMethodAccessorImpl.java:62)
	at java.base/jdk.internal.reflect.DelegatingMethodAccessorImpl.invoke(DelegatingMethodAccessorImpl.java:43)
	at java.base/java.lang.reflect.Method.invoke(Method.java:564)
	at org.springframework.web.method.support.InvocableHandlerMethod.doInvoke(InvocableHandlerMethod.java:205)
	at org.springframework.web.method.support.InvocableHandlerMethod.invokeForRequest(InvocableHandlerMethod.java:133)
	at org.springframework.web.servlet.mvc.method.annotation.ServletInvocableHandlerMethod.invokeAndHandle(ServletInvocableHandlerMethod.java:116)
	at org.springframework.web.servlet.mvc.method.annotation.RequestMappingHandlerAdapter.invokeHandlerMethod(RequestMappingHandlerAdapter.java:827)
	at org.springframework.web.servlet.mvc.method.annotation.RequestMappingHandlerAdapter.handleInternal(RequestMappingHandlerAdapter.java:738)
	at org.springframework.web.servlet.mvc.method.AbstractHandlerMethodAdapter.handle(AbstractHandlerMethodAdapter.java:85)
	at org.springframework.web.servlet.DispatcherServlet.doDispatch(DispatcherServlet.java:963)
	at org.springframework.web.servlet.DispatcherServlet.doService(DispatcherServlet.java:897)
	at org.springframework.web.servlet.FrameworkServlet.processRequest(FrameworkServlet.java:970)
	at org.springframework.web.servlet.FrameworkServlet.doPost(FrameworkServlet.java:872)
	at javax.servlet.http.HttpServlet.service(HttpServlet.java:648)
	at org.springframework.web.servlet.FrameworkServlet.service(FrameworkServlet.java:846)
	at javax.servlet.http.HttpServlet.service(HttpServlet.java:729)
	at org.apache.catalina.core.ApplicationFilterChain.internalDoFilter(ApplicationFilterChain.java:230)
	at org.apache.catalina.core.ApplicationFilterChain.doFilter(ApplicationFilterChain.java:165)
	at org.apache.tomcat.websocket.server.WsFilter.doFilter(WsFilter.java:52)
	at org.apache.catalina.core.ApplicationFilterChain.internalDoFilter(ApplicationFilterChain.java:192)
	at org.apache.catalina.core.ApplicationFilterChain.doFilter(ApplicationFilterChain.java:165)
	at org.springframework.web.filter.RequestContextFilter.doFilterInternal(RequestContextFilter.java:99)
	at org.springframework.web.filter.OncePerRequestFilter.doFilter(OncePerRequestFilter.java:107)
	at org.apache.catalina.core.ApplicationFilterChain.internalDoFilter(ApplicationFilterChain.java:192)
	at org.apache.catalina.core.ApplicationFilterChain.doFilter(ApplicationFilterChain.java:165)
	at org.springframework.web.filter.HttpPutFormContentFilter.doFilterInternal(HttpPutFormContentFilter.java:105)
	at org.springframework.web.filter.OncePerRequestFilter.doFilter(OncePerRequestFilter.java:107)
	at org.apache.catalina.core.ApplicationFilterChain.internalDoFilter(ApplicationFilterChain.java:192)
	at org.apache.catalina.core.ApplicationFilterChain.doFilter(ApplicationFilterChain.java:165)
	at org.springframework.web.filter.HiddenHttpMethodFilter.doFilterInternal(HiddenHttpMethodFilter.java:81)
	at org.springframework.web.filter.OncePerRequestFilter.doFilter(OncePerRequestFilter.java:107)
	at org.apache.catalina.core.ApplicationFilterChain.internalDoFilter(ApplicationFilterChain.java:192)
	at org.apache.catalina.core.ApplicationFilterChain.doFilter(ApplicationFilterChain.java:165)
	at org.springframework.web.filter.CharacterEncodingFilter.doFilterInternal(CharacterEncodingFilter.java:197)
	at org.springframework.web.filter.OncePerRequestFilter.doFilter(OncePerRequestFilter.java:107)
	at org.apache.catalina.core.ApplicationFilterChain.internalDoFilter(ApplicationFilterChain.java:192)
	at org.apache.catalina.core.ApplicationFilterChain.doFilter(ApplicationFilterChain.java:165)
	at org.apache.catalina.core.StandardWrapperValve.invoke(StandardWrapperValve.java:198)
	at org.apache.catalina.core.StandardContextValve.invoke(StandardContextValve.java:96)
	at org.apache.catalina.authenticator.AuthenticatorBase.invoke(AuthenticatorBase.java:474)
	at org.apache.catalina.core.StandardHostValve.invoke(StandardHostValve.java:140)
	at org.apache.catalina.valves.ErrorReportValve.invoke(ErrorReportValve.java:79)
	at org.apache.catalina.core.StandardEngineValve.invoke(StandardEngineValve.java:87)
	at org.apache.catalina.connector.CoyoteAdapter.service(CoyoteAdapter.java:349)
	at org.apache.coyote.http11.Http11Processor.service(Http11Processor.java:783)
	at org.apache.coyote.AbstractProcessorLight.process(AbstractProcessorLight.java:66)
	at org.apache.coyote.AbstractProtocol$ConnectionHandler.process(AbstractProtocol.java:798)
	at org.apache.tomcat.util.net.NioEndpoint$SocketProcessor.doRun(NioEndpoint.java:1434)
	at org.apache.tomcat.util.net.SocketProcessorBase.run(SocketProcessorBase.java:49)
	at java.base/java.util.concurrent.ThreadPoolExecutor.runWorker(ThreadPoolExecutor.java:1167)
	at java.base/java.util.concurrent.ThreadPoolExecutor$Worker.run(ThreadPoolExecutor.java:641)
	at org.apache.tomcat.util.threads.TaskThread$WrappingRunnable.run(TaskThread.java:61)
	at java.base/java.lang.Thread.run(Thread.java:844)

2018-04-24 14:00:57.103  INFO 17692 --- [http-nio-8080-exec-1] f.d.e.controller.ChartController         : Equipment type file uploaded.
2018-04-24 14:00:57.491  INFO 17692 --- [http-nio-8080-exec-1] f.d.equipmentmanager.db.DatabaseUtil     : Setting DB connection properties...
2018-04-24 14:00:57.491  INFO 17692 --- [http-nio-8080-exec-1] f.d.equipmentmanager.db.DatabaseUtil     : DB connection properties set!
2018-04-24 14:00:57.492  INFO 17692 --- [http-nio-8080-exec-1] f.d.equipmentmanager.db.DatabaseUtil     : Connecting to database...
2018-04-24 14:00:57.587  WARN 17692 --- [http-nio-8080-exec-1] org.hibernate.orm.connections            : HHH10001002: Using Hibernate built-in connection pool (not for production use!)
2018-04-24 14:00:57.804  WARN 17692 --- [http-nio-8080-exec-1] o.h.e.j.d.i.StandardDialectResolver      : HHH000385: Unknown Microsoft SQL Server major version [14] using SQL Server 2000 dialect
2018-04-24 14:00:58.046  INFO 17692 --- [http-nio-8080-exec-1] f.d.equipmentmanager.db.DatabaseUtil     : Connection complete!
2018-04-24 14:01:00.878  INFO 17692 --- [http-nio-8080-exec-2] f.d.e.controller.ChartController         : Equipment file uploaded.
